Federated Worker SystemDS Statistics:
Total elapsed time:		0.000 sec.
Total compilation time:		0.000 sec.
Total execution time:		0.000 sec.
Number of compiled Spark inst:	0.
Number of executed Spark inst:	0.
Cache hits (Mem/Li/WB/FS/HDFS):	4/0/0/0/2.
Cache writes (Li/WB/FS/HDFS):	0/0/0/0.
Cache times (ACQr/m, RLS, EXP):	0.455/0.000/0.000/0.000 sec.
HOP DAGs recompiled (PRED, SB):	0/0.
HOP DAGs recompile time:	0.000 sec.
Spark ctx create time (lazy):	0.000 sec.
Spark trans counts (par,bc,col):0/0/0.
Spark trans times (par,bc,col):	0.000/0.000/0.000 secs.
Total JIT compile time:		1.805 sec.
Total JVM GC count:		2.
Total JVM GC time:		0.024 sec.
Heavy hitter instructions:
 #  Instruction  Time(s)  Count
 1  tsmm           0.633      1
 2  r'             0.026      1
 3  ba+*           0.006      1
 4  rmvar          0.000      3

Federated Worker SystemDS Statistics:
Total elapsed time:		0.000 sec.
Total compilation time:		0.000 sec.
Total execution time:		0.000 sec.
Number of compiled Spark inst:	0.
Number of executed Spark inst:	0.
Cache hits (Mem/Li/WB/FS/HDFS):	4/0/0/0/2.
Cache writes (Li/WB/FS/HDFS):	0/0/0/0.
Cache times (ACQr/m, RLS, EXP):	0.304/0.000/0.000/0.000 sec.
HOP DAGs recompiled (PRED, SB):	0/0.
HOP DAGs recompile time:	0.000 sec.
Spark ctx create time (lazy):	0.000 sec.
Spark trans counts (par,bc,col):0/0/0.
Spark trans times (par,bc,col):	0.000/0.000/0.000 secs.
Total JIT compile time:		0.117 sec.
Total JVM GC count:		2.
Total JVM GC time:		0.022 sec.
Heavy hitter instructions:
 #  Instruction  Time(s)  Count
 1  tsmm           0.413      1
 2  r'             0.018      1
 3  ba+*           0.007      1
 4  rmvar          0.000      3

Federated Worker SystemDS Statistics:
Total elapsed time:		0.000 sec.
Total compilation time:		0.000 sec.
Total execution time:		0.000 sec.
Number of compiled Spark inst:	0.
Number of executed Spark inst:	0.
Cache hits (Mem/Li/WB/FS/HDFS):	4/0/0/0/2.
Cache writes (Li/WB/FS/HDFS):	0/0/0/0.
Cache times (ACQr/m, RLS, EXP):	0.158/0.000/0.000/0.000 sec.
HOP DAGs recompiled (PRED, SB):	0/0.
HOP DAGs recompile time:	0.000 sec.
Spark ctx create time (lazy):	0.000 sec.
Spark trans counts (par,bc,col):0/0/0.
Spark trans times (par,bc,col):	0.000/0.000/0.000 secs.
Total JIT compile time:		1.901 sec.
Total JVM GC count:		2.
Total JVM GC time:		0.022 sec.
Heavy hitter instructions:
 #  Instruction  Time(s)  Count
 1  tsmm           0.213      1
 2  r'             0.008      1
 3  ba+*           0.003      1
 4  rmvar          0.000      3

Federated Worker SystemDS Statistics:
Total elapsed time:		0.000 sec.
Total compilation time:		0.000 sec.
Total execution time:		0.000 sec.
Number of compiled Spark inst:	0.
Number of executed Spark inst:	0.
Cache hits (Mem/Li/WB/FS/HDFS):	4/0/0/0/2.
Cache writes (Li/WB/FS/HDFS):	0/0/0/0.
Cache times (ACQr/m, RLS, EXP):	0.276/0.000/0.000/0.000 sec.
HOP DAGs recompiled (PRED, SB):	0/0.
HOP DAGs recompile time:	0.000 sec.
Spark ctx create time (lazy):	0.000 sec.
Spark trans counts (par,bc,col):0/0/0.
Spark trans times (par,bc,col):	0.000/0.000/0.000 secs.
Total JIT compile time:		0.175 sec.
Total JVM GC count:		2.
Total JVM GC time:		0.022 sec.
Heavy hitter instructions:
 #  Instruction  Time(s)  Count
 1  tsmm           0.371      1
 2  r'             0.009      1
 3  ba+*           0.005      1
 4  rmvar          0.000      3

Federated Worker SystemDS Statistics:
Total elapsed time:		0.000 sec.
Total compilation time:		0.000 sec.
Total execution time:		0.000 sec.
Number of compiled Spark inst:	0.
Number of executed Spark inst:	0.
Cache hits (Mem/Li/WB/FS/HDFS):	4/0/0/0/2.
Cache writes (Li/WB/FS/HDFS):	0/0/0/0.
Cache times (ACQr/m, RLS, EXP):	0.151/0.000/0.000/0.000 sec.
HOP DAGs recompiled (PRED, SB):	0/0.
HOP DAGs recompile time:	0.000 sec.
Spark ctx create time (lazy):	0.000 sec.
Spark trans counts (par,bc,col):0/0/0.
Spark trans times (par,bc,col):	0.000/0.000/0.000 secs.
Total JIT compile time:		1.916 sec.
Total JVM GC count:		2.
Total JVM GC time:		0.022 sec.
Heavy hitter instructions:
 #  Instruction  Time(s)  Count
 1  tsmm           0.211      1
 2  r'             0.007      1
 3  ba+*           0.004      1
 4  rmvar          0.000      3

