Federated Worker SystemDS Statistics:
Total elapsed time:		0.000 sec.
Total compilation time:		0.000 sec.
Total execution time:		0.000 sec.
Number of compiled Spark inst:	0.
Number of executed Spark inst:	0.
Cache hits (Mem/Li/WB/FS/HDFS):	4/0/0/0/2.
Cache writes (Li/WB/FS/HDFS):	0/0/0/0.
Cache times (ACQr/m, RLS, EXP):	0.321/0.000/0.000/0.000 sec.
HOP DAGs recompiled (PRED, SB):	0/0.
HOP DAGs recompile time:	0.000 sec.
Spark ctx create time (lazy):	0.000 sec.
Spark trans counts (par,bc,col):0/0/0.
Spark trans times (par,bc,col):	0.000/0.000/0.000 secs.
Total JIT compile time:		1.785 sec.
Total JVM GC count:		2.
Total JVM GC time:		0.025 sec.
Heavy hitter instructions:
 #  Instruction  Time(s)  Count
 1  tsmm           0.466      1
 2  r'             0.018      1
 3  ba+*           0.004      1
 4  rmvar          0.000      3

Federated Worker SystemDS Statistics:
Total elapsed time:		0.000 sec.
Total compilation time:		0.000 sec.
Total execution time:		0.000 sec.
Number of compiled Spark inst:	0.
Number of executed Spark inst:	0.
Cache hits (Mem/Li/WB/FS/HDFS):	4/0/0/0/2.
Cache writes (Li/WB/FS/HDFS):	0/0/0/0.
Cache times (ACQr/m, RLS, EXP):	0.151/0.000/0.000/0.000 sec.
HOP DAGs recompiled (PRED, SB):	0/0.
HOP DAGs recompile time:	0.000 sec.
Spark ctx create time (lazy):	0.000 sec.
Spark trans counts (par,bc,col):0/0/0.
Spark trans times (par,bc,col):	0.000/0.000/0.000 secs.
Total JIT compile time:		0.136 sec.
Total JVM GC count:		2.
Total JVM GC time:		0.023 sec.
Heavy hitter instructions:
 #  Instruction  Time(s)  Count
 1  tsmm           0.260      1
 2  ba+*           0.009      1
 3  r'             0.007      1
 4  rmvar          0.000      3

