SystemDS Statistics:
Total elapsed time:		1.532 sec.
Total compilation time:		0.540 sec.
Total execution time:		0.992 sec.
Cache hits (Mem/Li/WB/FS/HDFS):	6/0/0/0/0.
Cache writes (Li/WB/FS/HDFS):	0/2/0/1.
Cache times (ACQr/m, RLS, EXP):	0.000/0.000/0.001/0.031 sec.
HOP DAGs recompiled (PRED, SB):	0/0.
HOP DAGs recompile time:	0.000 sec.
Federated I/O (Read, Put, Get):	2/0/2.
Federated Execute (Inst, UDF):	6/0.
Total JIT compile time:		1.431 sec.
Total JVM GC count:		2.
Total JVM GC time:		0.025 sec.
Heavy hitter instructions:
  #  Instruction  Time(s)  Count
  1  fed_tsmm       0.673      1
  2  solve          0.235      1
  3  write          0.031      1
  4  fed_r'         0.019      1
  5  +              0.017      1
  6  fed_ba+*       0.010      1
  7  <=             0.007      1
  8  rdiag          0.003      1
  9  rand           0.001      1
 10  rmvar          0.001      6
 11  createvar      0.000     10
 12  -              0.000     12
 13  r'             0.000      1
 14  mvvar          0.000     26
 15  ==             0.000      8
 16  ||             0.000      2
 17  ^              0.000      1
 18  >              0.000      2

real 4,47
user 6,00
sys 0,28
