SystemDS Statistics:
Total elapsed time:		1.439 sec.
Total compilation time:		0.543 sec.
Total execution time:		0.896 sec.
Cache hits (Mem/Li/WB/FS/HDFS):	6/0/0/0/0.
Cache writes (Li/WB/FS/HDFS):	0/2/0/1.
Cache times (ACQr/m, RLS, EXP):	0.000/0.000/0.001/0.031 sec.
HOP DAGs recompiled (PRED, SB):	0/0.
HOP DAGs recompile time:	0.000 sec.
Federated I/O (Read, Put, Get):	4/0/2.
Federated Execute (Inst, UDF):	6/0.
Total JIT compile time:		1.488 sec.
Total JVM GC count:		2.
Total JVM GC time:		0.026 sec.
Heavy hitter instructions:
  #  Instruction  Time(s)  Count
  1  fed_tsmm       0.557      1
  2  solve          0.249      1
  3  write          0.031      1
  4  fed_r'         0.019      1
  5  fed_ba+*       0.016      1
  6  +              0.015      1
  7  <=             0.007      1
  8  rdiag          0.003      1
  9  rand           0.002      1
 10  rmvar          0.002      6
 11  createvar      0.000     10
 12  mvvar          0.000     26
 13  r'             0.000      1
 14  -              0.000     12
 15  ==             0.000      8
 16  ||             0.000      2
 17  ^              0.000      1
 18  >              0.000      2

real 4,45
user 6,55
sys 0,33
