SystemDS Statistics:
Total elapsed time:		1.499 sec.
Total compilation time:		0.527 sec.
Total execution time:		0.972 sec.
Cache hits (Mem/Li/WB/FS/HDFS):	8/0/0/0/2.
Cache writes (Li/WB/FS/HDFS):	0/3/0/1.
Cache times (ACQr/m, RLS, EXP):	0.458/0.000/0.001/0.035 sec.
HOP DAGs recompiled (PRED, SB):	0/0.
HOP DAGs recompile time:	0.000 sec.
Total JIT compile time:		1.518 sec.
Total JVM GC count:		0.
Total JVM GC time:		0.0 sec.
Heavy hitter instructions:
  #  Instruction  Time(s)  Count
  1  tsmm           0.645      1
  2  solve          0.238      1
  3  write          0.035      1
  4  r'             0.028      2
  5  +              0.016      1
  6  <=             0.007      1
  7  ba+*           0.006      1
  8  rand           0.002      1
  9  rdiag          0.001      1
 10  createvar      0.000     10
 11  mvvar          0.000     26
 12  rmvar          0.000      6
 13  -              0.000     12
 14  ==             0.000      8
 15  ||             0.000      2
 16  >              0.000      2
 17  ^              0.000      1

real 1,94
user 8,87
sys 0,28
SystemDS Statistics:
Total elapsed time:		1.617 sec.
Total compilation time:		0.577 sec.
Total execution time:		1.039 sec.
Cache hits (Mem/Li/WB/FS/HDFS):	8/0/0/0/2.
Cache writes (Li/WB/FS/HDFS):	0/3/0/1.
Cache times (ACQr/m, RLS, EXP):	0.520/0.000/0.001/0.037 sec.
HOP DAGs recompiled (PRED, SB):	0/0.
HOP DAGs recompile time:	0.000 sec.
Total JIT compile time:		1.664 sec.
Total JVM GC count:		0.
Total JVM GC time:		0.0 sec.
Heavy hitter instructions:
  #  Instruction  Time(s)  Count
  1  tsmm           0.690      1
  2  solve          0.254      1
  3  write          0.037      1
  4  r'             0.032      2
  5  +              0.017      1
  6  <=             0.008      1
  7  ba+*           0.007      1
  8  rand           0.002      1
  9  rdiag          0.001      1
 10  -              0.000     12
 11  mvvar          0.000     26
 12  createvar      0.000     10
 13  rmvar          0.000      6
 14  ==             0.000      8
 15  >              0.000      2
 16  ||             0.000      2
 17  ^              0.000      1

real 2,07
user 9,44
sys 0,35
SystemDS Statistics:
Total elapsed time:		1.526 sec.
Total compilation time:		0.544 sec.
Total execution time:		0.983 sec.
Cache hits (Mem/Li/WB/FS/HDFS):	8/0/0/0/2.
Cache writes (Li/WB/FS/HDFS):	0/3/0/1.
Cache times (ACQr/m, RLS, EXP):	0.467/0.000/0.001/0.032 sec.
HOP DAGs recompiled (PRED, SB):	0/0.
HOP DAGs recompile time:	0.000 sec.
Total JIT compile time:		1.576 sec.
Total JVM GC count:		0.
Total JVM GC time:		0.0 sec.
Heavy hitter instructions:
  #  Instruction  Time(s)  Count
  1  tsmm           0.643      1
  2  solve          0.256      1
  3  write          0.032      1
  4  r'             0.029      2
  5  +              0.014      1
  6  <=             0.007      1
  7  ba+*           0.006      1
  8  rand           0.002      1
  9  rdiag          0.000      1
 10  mvvar          0.000     26
 11  createvar      0.000     10
 12  -              0.000     12
 13  rmvar          0.000      6
 14  ==             0.000      8
 15  ^              0.000      1
 16  ||             0.000      2
 17  >              0.000      2

real 1,98
user 8,71
sys 0,33
